

HI-TECH Software PIC LITE Macro Assembler V9.80 build 6738 
                                                                                               Sat Jul 14 05:54:59 2018

HI-TECH Software Omniscient Code Generator (Lite mode) build 6738
     1  0000                     opt subtitle "HI-TECH Software Omniscient Code Generator (Lite mode) build 6738"
     2                           
     3                           opt pagewidth 120
     4                           
     5                           	opt lm
     6                           
     7                           	processor	16F877A
     8                           clrc	macro
     9                           	bcf	3,0
    10  0000                     	endm
    11                           clrz	macro
    12                           	bcf	3,2
    13  0000                     	endm
    14                           setc	macro
    15                           	bsf	3,0
    16  0000                     	endm
    17                           setz	macro
    18                           	bsf	3,2
    19  0000                     	endm
    20                           skipc	macro
    21                           	btfss	3,0
    22  0000                     	endm
    23                           skipz	macro
    24                           	btfss	3,2
    25  0000                     	endm
    26                           skipnc	macro
    27                           	btfsc	3,0
    28  0000                     	endm
    29                           skipnz	macro
    30                           	btfsc	3,2
    31  0000                     	endm
    32  0000                     indf	equ	0
    33  0000                     indf0	equ	0
    34  0002                     pc	equ	2
    35  0002                     pcl	equ	2
    36  0003                     status	equ	3
    37  0004                     fsr	equ	4
    38  0004                     fsr0	equ	4
    39  0001                     c	equ	1
    40  0000                     z	equ	0
    41  000A                     pclath	equ	10
    42                           # 4 "C:\Users\Kunal Kapoor\MPLAB-34343434projects_1\Timer 0\main.h"
    43                           	psect config,class=CONFIG,delta=2 ;#
    44                           # 4 "C:\Users\Kunal Kapoor\MPLAB-34343434projects_1\Timer 0\main.h"
    45  2007  2F0A               	dw 0X2F0A ;#
    46                           	FNROOT	_main
    47                           	global	_TMR0
    48                           psect	maintext,global,class=CODE,delta=2
    49                           global __pmaintext
    50  07A9                     __pmaintext:
    51  0001                     _TMR0	set	1
    52                           	global	_RB1
    53  0031                     _RB1	set	49
    54                           	global	_T0IF
    55  005A                     _T0IF	set	90
    56                           	global	_TRISB
    57  0086                     _TRISB	set	134
    58                           	global	_PS0
    59  0408                     _PS0	set	1032
    60                           	global	_PS1
    61  0409                     _PS1	set	1033
    62                           	global	_PS2
    63  040A                     _PS2	set	1034
    64                           	global	_PSA
    65  040B                     _PSA	set	1035
    66                           	global	_T0CS
    67  040D                     _T0CS	set	1037
    68                           	global	_T0SE
    69  040C                     _T0SE	set	1036
    70                           	file	"timer0 led blink.as"
    71                           	line	#
    72                           psect cinit,class=CODE,delta=2
    73                           global start_initialization
    74  07A5                     start_initialization:
    75                           
    76                           psect cinit,class=CODE,delta=2
    77                           global end_of_initialization
    78                           
    79                           ;End of C runtime variable initialization code
    80                           
    81  07A5                     end_of_initialization:
    82  07A5  0183               clrf status
    83  07A6  120A  118A  2FA9   ljmp _main	;jump to C main() function
    84                           psect	cstackCOMMON,class=COMMON,space=1
    85                           global __pcstackCOMMON
    86  0070                     __pcstackCOMMON:
    87                           	global	?_main
    88  0070                     ?_main:	; 0 bytes @ 0x0
    89                           	global	??_main
    90  0070                     ??_main:	; 0 bytes @ 0x0
    91                           	global	main@count
    92  0070                     main@count:	; 2 bytes @ 0x0
    93  0070                     	ds	2
    94 ;;Data sizes: Strings 0, constant 0, data 0, bss 0, persistent 0 stack 0
    95 ;;Auto spaces:   Size  Autos    Used
    96 ;; COMMON          14      2       2
    97 ;; BANK0           80      0       0
    98 ;; BANK1           80      0       0
    99 ;; BANK3           96      0       0
   100 ;; BANK2           96      0       0
   101                           
   102 ;;
   103 ;; Pointer list with targets:
   104                           
   105                           
   106                           
   107 ;;
   108 ;; Critical Paths under _main in COMMON
   109 ;;
   110 ;;   None.
   111 ;;
   112 ;; Critical Paths under _main in BANK0
   113 ;;
   114 ;;   None.
   115 ;;
   116 ;; Critical Paths under _main in BANK1
   117 ;;
   118 ;;   None.
   119 ;;
   120 ;; Critical Paths under _main in BANK3
   121 ;;
   122 ;;   None.
   123 ;;
   124 ;; Critical Paths under _main in BANK2
   125 ;;
   126 ;;   None.
   127                           
   128 ;;
   129 ;;Main: autosize = 0, tempsize = 0, incstack = 0, save=0
   130 ;;
   131                           
   132 ;;
   133 ;;Call Graph Tables:
   134 ;;
   135 ;; ---------------------------------------------------------------------------------
   136 ;; (Depth) Function   	        Calls       Base Space   Used Autos Params    Refs
   137 ;; ---------------------------------------------------------------------------------
   138 ;; (0) _main                                                 2     2      0      30
   139 ;;                                              0 COMMON     2     2      0
   140 ;; ---------------------------------------------------------------------------------
   141 ;; Estimated maximum stack depth 0
   142 ;; ---------------------------------------------------------------------------------
   143                           
   144 ;; Call Graph Graphs:
   145                           
   146 ;; _main (ROOT)
   147 ;;
   148                           
   149 ;; Address spaces:
   150                           
   151 ;;Name               Size   Autos  Total    Cost      Usage
   152 ;;BITCOMMON            E      0       0       0        0.0%
   153 ;;EEDATA             100      0       0       0        0.0%
   154 ;;NULL                 0      0       0       0        0.0%
   155 ;;CODE                 0      0       0       0        0.0%
   156 ;;COMMON               E      2       2       1       14.3%
   157 ;;BITSFR0              0      0       0       1        0.0%
   158 ;;SFR0                 0      0       0       1        0.0%
   159 ;;BITSFR1              0      0       0       2        0.0%
   160 ;;SFR1                 0      0       0       2        0.0%
   161 ;;STACK                0      0       0       2        0.0%
   162 ;;ABS                  0      0       0       3        0.0%
   163 ;;BITBANK0            50      0       0       4        0.0%
   164 ;;BITSFR3              0      0       0       4        0.0%
   165 ;;SFR3                 0      0       0       4        0.0%
   166 ;;BANK0               50      0       0       5        0.0%
   167 ;;BITSFR2              0      0       0       5        0.0%
   168 ;;SFR2                 0      0       0       5        0.0%
   169 ;;BITBANK1            50      0       0       6        0.0%
   170 ;;BANK1               50      0       0       7        0.0%
   171 ;;BITBANK3            60      0       0       8        0.0%
   172 ;;BANK3               60      0       0       9        0.0%
   173 ;;BITBANK2            60      0       0      10        0.0%
   174 ;;BANK2               60      0       0      11        0.0%
   175 ;;DATA                 0      0       0      12        0.0%
   176                           
   177                           	global	_main
   178                           psect	maintext
   179                           
   180 ;; *************** function _main *****************
   181 ;; Defined at:
   182 ;;		line 4 in file "C:\Users\Kunal Kapoor\MPLAB-34343434projects_1\Timer 0\main.c"
   183 ;; Parameters:    Size  Location     Type
   184 ;;		None
   185 ;; Auto vars:     Size  Location     Type
   186 ;;  count           2    0[COMMON] unsigned int 
   187 ;; Return value:  Size  Location     Type
   188 ;;		None               void
   189 ;; Registers used:
   190 ;;		wreg, status,2
   191 ;; Tracked objects:
   192 ;;		On entry : 17F/0
   193 ;;		On exit  : 0/0
   194 ;;		Unchanged: 0/0
   195 ;; Data sizes:     COMMON   BANK0   BANK1   BANK3   BANK2
   196 ;;      Params:         0       0       0       0       0
   197 ;;      Locals:         2       0       0       0       0
   198 ;;      Temps:          0       0       0       0       0
   199 ;;      Totals:         2       0       0       0       0
   200 ;;Total ram usage:        2 bytes
   201 ;; This function calls:
   202 ;;		Nothing
   203 ;; This function is called by:
   204 ;;		Startup code after reset
   205 ;; This function uses a non-reentrant model
   206 ;;
   207                           psect	maintext
   208                           	file	"C:\Users\Kunal Kapoor\MPLAB-34343434projects_1\Timer 0\main.c"
   209                           	line	4
   210                           	global	__size_of_main
   211  0057                     	__size_of_main	equ	__end_of_main-_main
   212                           	
   213  07A9                     _main:	
   214                           	opt	stack 8
   215                           ; Regs used in _main: [wreg+status,2]
   216                           	line	6
   217                           	
   218  07A9                     l943:	
   219                           ;main.c: 6: TRISB=0x00;
   220  07A9  1683               	bsf	status, 5	;RP0=1, select bank1
   221  07AA  1303               	bcf	status, 6	;RP1=0, select bank1
   222  07AB  0186               	clrf	(134)^080h	;volatile
   223                           	line	8
   224                           	
   225  07AC                     l945:	
   226                           ;main.c: 8: T0SE=0;
   227  07AC  1201               	bcf	(1036/8)^080h,(1036)&7
   228                           	line	9
   229                           	
   230  07AD                     l947:	
   231                           ;main.c: 9: PSA=0;
   232  07AD  1181               	bcf	(1035/8)^080h,(1035)&7
   233                           	line	10
   234                           	
   235  07AE                     l949:	
   236                           ;main.c: 10: T0CS=0;
   237  07AE  1281               	bcf	(1037/8)^080h,(1037)&7
   238                           	line	11
   239                           ;main.c: 11: TMR0=0;
   240  07AF  1283               	bcf	status, 5	;RP0=0, select bank0
   241  07B0  1303               	bcf	status, 6	;RP1=0, select bank0
   242  07B1  0181               	clrf	(1)	;volatile
   243                           	line	13
   244                           	
   245  07B2                     l951:	
   246                           ;main.c: 13: PS2=1;
   247  07B2  1683               	bsf	status, 5	;RP0=1, select bank1
   248  07B3  1303               	bcf	status, 6	;RP1=0, select bank1
   249  07B4  1501               	bsf	(1034/8)^080h,(1034)&7
   250                           	line	14
   251                           	
   252  07B5                     l953:	
   253                           ;main.c: 14: PS1=1;
   254  07B5  1481               	bsf	(1033/8)^080h,(1033)&7
   255                           	line	15
   256                           	
   257  07B6                     l955:	
   258                           ;main.c: 15: PS0=1;
   259  07B6  1401               	bsf	(1032/8)^080h,(1032)&7
   260                           	line	17
   261                           	
   262  07B7                     l957:	
   263                           ;main.c: 17: unsigned int count=0;
   264  07B7  3000               	movlw	low(0)
   265  07B8  00F0               	movwf	(main@count)
   266  07B9  3000               	movlw	high(0)
   267  07BA  00F1               	movwf	((main@count))+1
   268  07BB  2FBC               	goto	l959
   269                           	line	19
   270                           ;main.c: 19: while(1){
   271                           	
   272  07BC                     l559:	
   273                           	line	21
   274                           	
   275  07BC                     l959:	
   276                           ;main.c: 21: RB1=0;
   277  07BC  1283               	bcf	status, 5	;RP0=0, select bank0
   278  07BD  1303               	bcf	status, 6	;RP1=0, select bank0
   279  07BE  1086               	bcf	(49/8),(49)&7
   280                           	line	22
   281                           	
   282  07BF                     l961:	
   283                           ;main.c: 22: count=61;
   284  07BF  303D               	movlw	low(03Dh)
   285  07C0  00F0               	movwf	(main@count)
   286  07C1  3000               	movlw	high(03Dh)
   287  07C2  00F1               	movwf	((main@count))+1
   288                           	line	23
   289                           ;main.c: 23: while(count-->0){
   290  07C3  2FCB               	goto	l963
   291                           	
   292  07C4                     l561:	
   293                           	line	24
   294                           ;main.c: 24: while(T0IF!=1);
   295  07C4  2FC5               	goto	l562
   296                           	
   297  07C5                     l563:	
   298                           	
   299  07C5                     l562:	
   300  07C5  1D0B               	btfss	(90/8),(90)&7
   301  07C6  2FC8               	goto	u11
   302  07C7  2FC9               	goto	u10
   303  07C8                     u11:
   304  07C8  2FC5               	goto	l562
   305  07C9                     u10:
   306                           	
   307  07C9                     l564:	
   308                           	line	25
   309                           ;main.c: 25: T0IF=0;
   310  07C9  110B               	bcf	(90/8),(90)&7
   311  07CA  2FCB               	goto	l963
   312                           	line	26
   313                           	
   314  07CB                     l560:	
   315                           	line	23
   316                           	
   317  07CB                     l963:	
   318  07CB  3001               	movlw	low(01h)
   319  07CC  02F0               	subwf	(main@count),f
   320  07CD  3000               	movlw	high(01h)
   321  07CE  1C03               	skipc
   322  07CF  03F1               	decf	(main@count+1),f
   323  07D0  02F1               	subwf	(main@count+1),f
   324  07D1  30FF               	movlw	high(0FFFFh)
   325  07D2  0671               	xorwf	((main@count+1)),w
   326  07D3  1D03               	skipz
   327  07D4  2FD7               	goto	u25
   328  07D5  30FF               	movlw	low(0FFFFh)
   329  07D6  0670               	xorwf	((main@count)),w
   330  07D7                     u25:
   331                           
   332  07D7  1D03               	skipz
   333  07D8  2FDA               	goto	u21
   334  07D9  2FDB               	goto	u20
   335  07DA                     u21:
   336  07DA  2FC5               	goto	l562
   337  07DB                     u20:
   338                           	
   339  07DB                     l565:	
   340                           	line	28
   341                           ;main.c: 26: }
   342                           ;main.c: 28: RB1=1;
   343  07DB  1283               	bcf	status, 5	;RP0=0, select bank0
   344  07DC  1303               	bcf	status, 6	;RP1=0, select bank0
   345  07DD  1486               	bsf	(49/8),(49)&7
   346                           	line	29
   347                           	
   348  07DE                     l965:	
   349                           ;main.c: 29: count=61;
   350  07DE  303D               	movlw	low(03Dh)
   351  07DF  00F0               	movwf	(main@count)
   352  07E0  3000               	movlw	high(03Dh)
   353  07E1  00F1               	movwf	((main@count))+1
   354                           	line	30
   355                           ;main.c: 30: while(count-->0){
   356  07E2  2FEA               	goto	l967
   357                           	
   358  07E3                     l567:	
   359                           	line	31
   360                           ;main.c: 31: while(T0IF!=1);
   361  07E3  2FE4               	goto	l568
   362                           	
   363  07E4                     l569:	
   364                           	
   365  07E4                     l568:	
   366  07E4  1D0B               	btfss	(90/8),(90)&7
   367  07E5  2FE7               	goto	u31
   368  07E6  2FE8               	goto	u30
   369  07E7                     u31:
   370  07E7  2FE4               	goto	l568
   371  07E8                     u30:
   372                           	
   373  07E8                     l570:	
   374                           	line	32
   375                           ;main.c: 32: T0IF=0;
   376  07E8  110B               	bcf	(90/8),(90)&7
   377  07E9  2FEA               	goto	l967
   378                           	line	33
   379                           	
   380  07EA                     l566:	
   381                           	line	30
   382                           	
   383  07EA                     l967:	
   384  07EA  3001               	movlw	low(01h)
   385  07EB  02F0               	subwf	(main@count),f
   386  07EC  3000               	movlw	high(01h)
   387  07ED  1C03               	skipc
   388  07EE  03F1               	decf	(main@count+1),f
   389  07EF  02F1               	subwf	(main@count+1),f
   390  07F0  30FF               	movlw	high(0FFFFh)
   391  07F1  0671               	xorwf	((main@count+1)),w
   392  07F2  1D03               	skipz
   393  07F3  2FF6               	goto	u45
   394  07F4  30FF               	movlw	low(0FFFFh)
   395  07F5  0670               	xorwf	((main@count)),w
   396  07F6                     u45:
   397                           
   398  07F6  1D03               	skipz
   399  07F7  2FF9               	goto	u41
   400  07F8  2FFA               	goto	u40
   401  07F9                     u41:
   402  07F9  2FE4               	goto	l568
   403  07FA                     u40:
   404  07FA  2FBC               	goto	l959
   405                           	
   406  07FB                     l571:	
   407  07FB  2FBC               	goto	l959
   408                           	line	35
   409                           	
   410  07FC                     l572:	
   411                           	line	19
   412  07FC  2FBC               	goto	l959
   413                           	
   414  07FD                     l573:	
   415                           	line	38
   416                           	
   417  07FD                     l574:	
   418                           	global	start
   419  07FD  120A  118A  2800   	ljmp	start
   420                           	opt stack 0
   421                           GLOBAL	__end_of_main
   422  0800                     	__end_of_main:
   423 ;; =============== function _main ends ============
   424                           
   425                           	signat	_main,88
   426                           psect	maintext
   427                           	global	btemp
   428  007E                     	btemp set 07Eh
   429                           
   430                           	DABS	1,126,2	;btemp
   431                           	global	wtemp0
   432  007E                     	wtemp0 set btemp


HI-TECH Software PICC Macro Assembler V9.80 build 6738 
Symbol Table                                                                                   Sat Jul 14 05:54:59 2018

                  u10 07C9                    u11 07C8                    u20 07DB                    u21 07DA  
                  u30 07E8                    u31 07E7                    u40 07FA                    u41 07F9  
                  u25 07D7                    u45 07F6                   l560 07CB                   l561 07C4  
                 l570 07E8                   l562 07C5                   l571 07FB                   l563 07C5  
                 l572 07FC                   l564 07C9                   l573 07FD                   l565 07DB  
                 l574 07FD                   l566 07EA                   l567 07E3                   l559 07BC  
                 l568 07E4                   l569 07E4                   l951 07B2                   l943 07A9  
                 l961 07BF                   l953 07B5                   l945 07AC                   l963 07CB  
                 l955 07B6                   l947 07AD                   l965 07DE                   l957 07B7  
                 l949 07AE                   l967 07EA                   l959 07BC                   _RB1 0031  
                 _PS0 0408                   _PS1 0409                   _PS2 040A                   _PSA 040B  
                _T0IF 005A                  _T0CS 040D                  _T0SE 040C                  _TMR0 0001  
                _main 07A9                  btemp 007E                  start 0000                 ?_main 0070  
               _TRISB 0086                 status 0003                 wtemp0 007E          __end_of_main 0800  
              ??_main 0070        __pcstackCOMMON 0070            __pmaintext 07A9  end_of_initialization 07A5  
 start_initialization 07A5             main@count 0070         __size_of_main 0057  
